16:42:13 **** Incremental Build of configuration Debug for project lab4 ****
make pre-build main-build 
a9-linaro-pre-build-step
 
Building target: lab4.elf
Invoking: ARM v7 gcc linker
arm-none-eabi-gcc -mcpu=cortex-a9 -mfpu=vfpv3 -mfloat-abi=hard -Wl,-build-id=none -specs=Xilinx.spec -Wl,-T -Wl,../src/lscript.ld -L../../standalone_bsp_0/ps7_cortexa9_0/lib -o "lab4.elf"  ./src/hdmi/video_frame_buffer.o ./src/hdmi/video_generator.o ./src/hdmi/video_resolution.o ./src/hdmi/zed_hdmi_display.o ./src/hdmi/zed_iic_axi.o  ./src/Sobel.o ./src/main.o ./src/platform.o   -Wl,--start-group,-lxil,-lgcc,-lc,--end-group
./src/main.o: In function `f_umount':
C:\TEMP\3610_4\TP4\TP4.sdk\lab4\Debug/../src/main.c:103: undefined reference to `f_mount'
./src/main.o: In function `getFileContents':
C:\TEMP\3610_4\TP4\TP4.sdk\lab4\Debug/../src/main.c:126: undefined reference to `f_mount'
C:\TEMP\3610_4\TP4\TP4.sdk\lab4\Debug/../src/main.c:128: undefined reference to `f_stat'
C:\TEMP\3610_4\TP4\TP4.sdk\lab4\Debug/../src/main.c:135: undefined reference to `f_open'
C:\TEMP\3610_4\TP4\TP4.sdk\lab4\Debug/../src/main.c:143: undefined reference to `f_read'
collect2.exe: error: ld returned 1 exit status
make: *** [lab4.elf] Erreur 1

16:42:13 Build Finished (took 689ms)

